\BOOKMARK [1][-]{section.1}{\376\377\000\123\000\165\000\155\000\155\000\141\000\162\000\171}{}% 1
\BOOKMARK [1][-]{section.2}{\376\377\000\120\000\162\000\145\000\160\000\162\000\157\000\143\000\145\000\163\000\163\000\151\000\156\000\147}{}% 2
\BOOKMARK [2][-]{subsection.2.1}{\376\377\000\104\000\162\000\157\000\160\000\160\000\151\000\156\000\147\000\040\000\110\000\124\000\115\000\114\000\040\000\164\000\141\000\147\000\163}{section.2}% 3
\BOOKMARK [2][-]{subsection.2.2}{\376\377\000\127\000\157\000\162\000\144\000\040\000\122\000\145\000\160\000\154\000\141\000\143\000\145\000\155\000\145\000\156\000\164}{section.2}% 4
\BOOKMARK [3][-]{subsubsection.2.2.1}{\376\377\000\123\000\160\000\145\000\154\000\154\000\151\000\156\000\147\000\040\000\103\000\157\000\162\000\162\000\145\000\143\000\164\000\151\000\157\000\156}{subsection.2.2}% 5
\BOOKMARK [3][-]{subsubsection.2.2.2}{\376\377\000\123\000\171\000\156\000\157\000\156\000\171\000\155\000\040\000\122\000\145\000\160\000\154\000\141\000\143\000\145\000\155\000\145\000\156\000\164}{subsection.2.2}% 6
\BOOKMARK [3][-]{subsubsection.2.2.3}{\376\377\000\117\000\164\000\150\000\145\000\162\000\040\000\122\000\145\000\160\000\154\000\141\000\143\000\145\000\155\000\145\000\156\000\164\000\163}{subsection.2.2}% 7
\BOOKMARK [2][-]{subsection.2.3}{\376\377\000\123\000\164\000\145\000\155\000\155\000\151\000\156\000\147}{section.2}% 8
\BOOKMARK [1][-]{section.3}{\376\377\000\106\000\145\000\141\000\164\000\165\000\162\000\145\000\040\000\105\000\170\000\164\000\162\000\141\000\143\000\164\000\151\000\157\000\156\000\057\000\123\000\145\000\154\000\145\000\143\000\164\000\151\000\157\000\156}{}% 9
\BOOKMARK [2][-]{subsection.3.1}{\376\377\000\103\000\157\000\165\000\156\000\164\000\151\000\156\000\147\000\040\000\106\000\145\000\141\000\164\000\165\000\162\000\145\000\163}{section.3}% 10
\BOOKMARK [3][-]{subsubsection.3.1.1}{\376\377\000\102\000\141\000\163\000\151\000\143\000\040\000\103\000\157\000\165\000\156\000\164\000\151\000\156\000\147\000\040\000\106\000\145\000\141\000\164\000\165\000\162\000\145\000\163}{subsection.3.1}% 11
\BOOKMARK [3][-]{subsubsection.3.1.2}{\376\377\000\111\000\156\000\164\000\145\000\162\000\163\000\145\000\143\000\164\000\040\000\103\000\157\000\165\000\156\000\164\000\151\000\156\000\147\000\040\000\106\000\145\000\141\000\164\000\165\000\162\000\145\000\163}{subsection.3.1}% 12
\BOOKMARK [3][-]{subsubsection.3.1.3}{\376\377\000\111\000\156\000\164\000\145\000\162\000\163\000\145\000\143\000\164\000\040\000\120\000\157\000\163\000\151\000\164\000\151\000\157\000\156\000\040\000\106\000\145\000\141\000\164\000\165\000\162\000\145\000\163}{subsection.3.1}% 13
\BOOKMARK [2][-]{subsection.3.2}{\376\377\000\104\000\151\000\163\000\164\000\141\000\156\000\143\000\145\000\040\000\106\000\145\000\141\000\164\000\165\000\162\000\145\000\163}{section.3}% 14
\BOOKMARK [3][-]{subsubsection.3.2.1}{\376\377\000\102\000\141\000\163\000\151\000\143\000\040\000\104\000\151\000\163\000\164\000\141\000\156\000\143\000\145\000\040\000\106\000\145\000\141\000\164\000\165\000\162\000\145\000\163}{subsection.3.2}% 15
\BOOKMARK [3][-]{subsubsection.3.2.2}{\376\377\000\123\000\164\000\141\000\164\000\151\000\163\000\164\000\151\000\143\000\141\000\154\000\040\000\104\000\151\000\163\000\164\000\141\000\156\000\143\000\145\000\040\000\106\000\145\000\141\000\164\000\165\000\162\000\145\000\163}{subsection.3.2}% 16
\BOOKMARK [2][-]{subsection.3.3}{\376\377\000\124\000\106\000\055\000\111\000\104\000\106\000\040\000\102\000\141\000\163\000\145\000\144\000\040\000\106\000\145\000\141\000\164\000\165\000\162\000\145\000\163}{section.3}% 17
\BOOKMARK [3][-]{subsubsection.3.3.1}{\376\377\000\102\000\141\000\163\000\151\000\143\000\040\000\124\000\106\000\055\000\111\000\104\000\106\000\040\000\106\000\145\000\141\000\164\000\165\000\162\000\145\000\163}{subsection.3.3}% 18
\BOOKMARK [3][-]{subsubsection.3.3.2}{\376\377\000\103\000\157\000\157\000\143\000\143\000\165\000\162\000\162\000\145\000\156\000\143\000\145\000\040\000\124\000\106\000\055\000\111\000\104\000\106\000\040\000\106\000\145\000\141\000\164\000\165\000\162\000\145\000\163}{subsection.3.3}% 19
\BOOKMARK [2][-]{subsection.3.4}{\376\377\000\117\000\164\000\150\000\145\000\162\000\040\000\106\000\145\000\141\000\164\000\165\000\162\000\145\000\163}{section.3}% 20
\BOOKMARK [3][-]{subsubsection.3.4.1}{\376\377\000\121\000\165\000\145\000\162\000\171\000\040\000\111\000\144}{subsection.3.4}% 21
\BOOKMARK [2][-]{subsection.3.5}{\376\377\000\106\000\145\000\141\000\164\000\165\000\162\000\145\000\040\000\123\000\145\000\154\000\145\000\143\000\164\000\151\000\157\000\156}{section.3}% 22
\BOOKMARK [1][-]{section.4}{\376\377\000\115\000\157\000\144\000\145\000\154\000\151\000\156\000\147\000\040\000\124\000\145\000\143\000\150\000\156\000\151\000\161\000\165\000\145\000\163\000\040\000\141\000\156\000\144\000\040\000\124\000\162\000\141\000\151\000\156\000\151\000\156\000\147}{}% 23
\BOOKMARK [2][-]{subsection.4.1}{\376\377\000\103\000\162\000\157\000\163\000\163\000\040\000\126\000\141\000\154\000\151\000\144\000\141\000\164\000\151\000\157\000\156\000\040\000\115\000\145\000\164\000\150\000\157\000\144\000\157\000\154\000\157\000\147\000\171}{section.4}% 24
\BOOKMARK [3][-]{subsubsection.4.1.1}{\376\377\000\124\000\150\000\145\000\040\000\123\000\160\000\154\000\151\000\164}{subsection.4.1}% 25
\BOOKMARK [3][-]{subsubsection.4.1.2}{\376\377\000\106\000\157\000\154\000\154\000\157\000\167\000\151\000\156\000\147\000\040\000\164\000\150\000\145\000\040\000\123\000\141\000\155\000\145\000\040\000\114\000\157\000\147\000\151\000\143}{subsection.4.1}% 26
\BOOKMARK [2][-]{subsection.4.2}{\376\377\000\115\000\157\000\144\000\145\000\154\000\040\000\117\000\142\000\152\000\145\000\143\000\164\000\151\000\166\000\145\000\040\000\141\000\156\000\144\000\040\000\104\000\145\000\143\000\157\000\144\000\151\000\156\000\147\000\040\000\115\000\145\000\164\000\150\000\157\000\144}{section.4}% 27
\BOOKMARK [3][-]{subsubsection.4.2.1}{\376\377\000\103\000\154\000\141\000\163\000\163\000\151\000\146\000\151\000\143\000\141\000\164\000\151\000\157\000\156}{subsection.4.2}% 28
\BOOKMARK [3][-]{subsubsection.4.2.2}{\376\377\000\122\000\145\000\147\000\162\000\145\000\163\000\163\000\151\000\157\000\156}{subsection.4.2}% 29
\BOOKMARK [3][-]{subsubsection.4.2.3}{\376\377\000\120\000\141\000\151\000\162\000\167\000\151\000\163\000\145\000\040\000\122\000\141\000\156\000\153\000\151\000\156\000\147}{subsection.4.2}% 30
\BOOKMARK [3][-]{subsubsection.4.2.4}{\376\377\000\117\000\162\000\151\000\144\000\151\000\156\000\141\000\154\000\040\000\122\000\145\000\147\000\162\000\145\000\163\000\163\000\151\000\157\000\156}{subsection.4.2}% 31
\BOOKMARK [3][-]{subsubsection.4.2.5}{\376\377\000\123\000\157\000\146\000\164\000\153\000\141\000\160\000\160\000\141}{subsection.4.2}% 32
\BOOKMARK [2][-]{subsection.4.3}{\376\377\000\123\000\141\000\155\000\160\000\154\000\145\000\040\000\127\000\145\000\151\000\147\000\150\000\164\000\151\000\156\000\147}{section.4}% 33
\BOOKMARK [2][-]{subsection.4.4}{\376\377\000\105\000\156\000\163\000\145\000\155\000\142\000\154\000\145\000\040\000\123\000\145\000\154\000\145\000\143\000\164\000\151\000\157\000\156}{section.4}% 34
\BOOKMARK [3][-]{subsubsection.4.4.1}{\376\377\000\115\000\157\000\144\000\145\000\154\000\040\000\114\000\151\000\142\000\162\000\141\000\162\000\171\000\040\000\102\000\165\000\151\000\154\000\144\000\151\000\156\000\147\000\040\000\166\000\151\000\141\000\040\000\107\000\165\000\151\000\144\000\145\000\144\000\040\000\120\000\141\000\162\000\141\000\155\000\145\000\164\000\145\000\162\000\040\000\123\000\145\000\141\000\162\000\143\000\150\000\151\000\156\000\147}{subsection.4.4}% 35
\BOOKMARK [3][-]{subsubsection.4.4.2}{\376\377\000\115\000\157\000\144\000\145\000\154\000\040\000\127\000\145\000\151\000\147\000\150\000\164\000\040\000\117\000\160\000\164\000\151\000\155\000\151\000\172\000\141\000\164\000\151\000\157\000\156}{subsection.4.4}% 36
\BOOKMARK [3][-]{subsubsection.4.4.3}{\376\377\000\122\000\141\000\156\000\144\000\157\000\155\000\151\000\172\000\145\000\144\000\040\000\105\000\156\000\163\000\145\000\155\000\142\000\154\000\145\000\040\000\123\000\145\000\154\000\145\000\143\000\164\000\151\000\157\000\156}{subsection.4.4}% 37
\BOOKMARK [1][-]{section.5}{\376\377\000\103\000\157\000\144\000\145\000\040\000\104\000\145\000\163\000\143\000\162\000\151\000\160\000\164\000\151\000\157\000\156}{}% 38
\BOOKMARK [2][-]{subsection.5.1}{\376\377\000\123\000\145\000\164\000\164\000\151\000\156\000\147}{section.5}% 39
\BOOKMARK [2][-]{subsection.5.2}{\376\377\000\106\000\145\000\141\000\164\000\165\000\162\000\145}{section.5}% 40
\BOOKMARK [2][-]{subsection.5.3}{\376\377\000\115\000\157\000\144\000\145\000\154}{section.5}% 41
\BOOKMARK [1][-]{section.6}{\376\377\000\104\000\145\000\160\000\145\000\156\000\144\000\145\000\156\000\143\000\151\000\145\000\163}{}% 42
\BOOKMARK [1][-]{section.7}{\376\377\000\110\000\157\000\167\000\040\000\124\000\157\000\040\000\107\000\145\000\156\000\145\000\162\000\141\000\164\000\145\000\040\000\164\000\150\000\145\000\040\000\123\000\157\000\154\000\165\000\164\000\151\000\157\000\156\000\040\000\050\000\141\000\153\000\141\000\040\000\122\000\105\000\101\000\104\000\115\000\105\000\040\000\146\000\151\000\154\000\145\000\051}{}% 43
\BOOKMARK [1][-]{section.8}{\376\377\000\101\000\144\000\144\000\151\000\164\000\151\000\157\000\156\000\141\000\154\000\040\000\103\000\157\000\155\000\155\000\145\000\156\000\164\000\163\000\040\000\141\000\156\000\144\000\040\000\117\000\142\000\163\000\145\000\162\000\166\000\141\000\164\000\151\000\157\000\156\000\163}{}% 44
\BOOKMARK [1][-]{section.9}{\376\377\000\123\000\151\000\155\000\160\000\154\000\145\000\040\000\106\000\145\000\141\000\164\000\165\000\162\000\145\000\163\000\040\000\141\000\156\000\144\000\040\000\115\000\145\000\164\000\150\000\157\000\144\000\163}{}% 45
\BOOKMARK [1][-]{section.10}{\376\377\000\101\000\143\000\153\000\156\000\157\000\167\000\154\000\145\000\144\000\147\000\145\000\155\000\145\000\156\000\164}{}% 46
