trial_counter,kappa_mean,kappa_std,alpha,booster,eta,lambda,lambda_bias,max_evals,nthread,num_round,objective,seed,silent,task
1,0.677261,0.005964,0.395,gblinear,0.71,4.2,1.2,200,2,170,reg:linear,2015,1,regression
2,0.679860,0.004482,0.125,gblinear,0.24,2.65,0.3,200,2,420,reg:linear,2015,1,regression
3,0.676581,0.006075,0.43,gblinear,0.81,4.5,2.8,200,2,310,reg:linear,2015,1,regression
4,0.674223,0.005916,0.27,gblinear,0.55,1.15,1.4,200,2,70,reg:linear,2015,1,regression
5,0.677881,0.004536,0.335,gblinear,0.91,2.25,2.1,200,2,70,reg:linear,2015,1,regression
6,0.577168,0.004143,0.01,gblinear,0.82,0.1,0.0,200,2,10,reg:linear,2015,1,regression
7,0.625194,0.007071,0.21,gblinear,0.29,0.0,2.6,200,2,60,reg:linear,2015,1,regression
8,0.677330,0.006010,0.35,gblinear,0.71,1.0,2.5,200,2,500,reg:linear,2015,1,regression
9,0.677581,0.006573,0.465,gblinear,0.32,2.45,2.8,200,2,300,reg:linear,2015,1,regression
10,0.677024,0.006419,0.475,gblinear,0.78,1.6,0.8,200,2,170,reg:linear,2015,1,regression
11,0.678487,0.006143,0.29,gblinear,0.26,4.7,1.7,200,2,390,reg:linear,2015,1,regression
12,0.679361,0.005509,0.36,gblinear,0.67,2.0,1.8,200,2,230,reg:linear,2015,1,regression
13,0.676318,0.005366,0.155,gblinear,0.17,1.7,2.8,200,2,170,reg:linear,2015,1,regression
14,0.680355,0.005548,0.135,gblinear,0.2,4.55,1.0,200,2,460,reg:linear,2015,1,regression
15,0.672974,0.005242,0.295,gblinear,0.43,0.45,2.9,200,2,260,reg:linear,2015,1,regression
16,0.677978,0.005941,0.39,gblinear,0.41,1.15,0.4,200,2,300,reg:linear,2015,1,regression
17,0.680001,0.006225,0.21,gblinear,1.0,3.65,1.8,200,2,360,reg:linear,2015,1,regression
18,0.678021,0.005786,0.415,gblinear,0.29,2.45,1.5,200,2,150,reg:linear,2015,1,regression
19,0.678857,0.005689,0.26,gblinear,0.1,3.35,0.0,200,2,180,reg:linear,2015,1,regression
20,0.664470,0.005279,0.19,gblinear,0.36,0.3,0.7,200,2,390,reg:linear,2015,1,regression
21,0.681451,0.004969,0.07,gblinear,0.56,3.85,1.0,200,2,480,reg:linear,2015,1,regression
22,0.680440,0.005239,0.035,gblinear,0.52,3.8,1.0,200,2,500,reg:linear,2015,1,regression
23,0.677672,0.005478,0.0,gblinear,0.54,3.25,0.5,200,2,500,reg:linear,2015,1,regression
24,0.681876,0.005259,0.065,gblinear,0.61,3.95,1.1,200,2,460,reg:linear,2015,1,regression
25,0.680903,0.004893,0.075,gblinear,0.62,3.1,2.2,200,2,440,reg:linear,2015,1,regression
26,0.680973,0.005220,0.08,gblinear,0.62,4.05,1.2,200,2,350,reg:linear,2015,1,regression
27,0.680599,0.005198,0.07,gblinear,0.43,5.0,0.7,200,2,450,reg:linear,2015,1,regression
28,0.674481,0.003713,0.035,gblinear,0.02,2.85,1.4,200,2,470,reg:linear,2015,1,regression
29,0.681103,0.005695,0.095,gblinear,0.93,4.95,1.1,200,2,390,reg:linear,2015,1,regression
30,0.680206,0.005796,0.165,gblinear,0.73,4.1,0.2,200,2,340,reg:linear,2015,1,regression
31,0.680976,0.004872,0.105,gblinear,0.63,3.65,0.8,200,2,420,reg:linear,2015,1,regression
32,0.681309,0.005221,0.04,gblinear,0.88,4.3,1.6,200,2,480,reg:linear,2015,1,regression
33,0.680190,0.005039,0.125,gblinear,0.47,2.9,1.3,200,2,430,reg:linear,2015,1,regression
34,0.679397,0.005605,0.23,gblinear,0.59,3.4,2.1,200,2,260,reg:linear,2015,1,regression
35,0.680555,0.005190,0.01,gblinear,0.49,4.75,0.5,200,2,210,reg:linear,2015,1,regression
36,0.679955,0.005698,0.17,gblinear,0.78,4.3,0.9,200,2,120,reg:linear,2015,1,regression
37,0.680813,0.005290,0.055,gblinear,0.73,3.9,1.9,200,2,320,reg:linear,2015,1,regression
38,0.680054,0.005196,0.12,gblinear,0.86,2.85,0.2,200,2,420,reg:linear,2015,1,regression
39,0.680493,0.005204,0.015,gblinear,0.38,4.45,2.3,200,2,370,reg:linear,2015,1,regression
40,0.679298,0.006158,0.24,gblinear,0.56,3.6,1.2,200,2,280,reg:linear,2015,1,regression
41,0.672290,0.005280,0.32,gblinear,0.67,2.15,0.6,200,2,30,reg:linear,2015,1,regression
42,0.680254,0.005626,0.195,gblinear,0.98,2.6,1.4,200,2,490,reg:linear,2015,1,regression
43,0.679912,0.006190,0.145,gblinear,0.8,4.8,0.2,200,2,410,reg:linear,2015,1,regression
44,0.677752,0.006329,0.5,gblinear,0.68,1.7,2.0,200,2,320,reg:linear,2015,1,regression
45,0.679968,0.005369,0.06,gblinear,0.47,3.05,1.6,200,2,210,reg:linear,2015,1,regression
46,0.679632,0.005202,0.105,gblinear,0.34,3.85,1.0,200,2,110,reg:linear,2015,1,regression
47,0.680842,0.005764,0.175,gblinear,0.2,3.5,1.3,200,2,460,reg:linear,2015,1,regression
48,0.679554,0.005595,0.285,gblinear,0.94,1.95,2.6,200,2,390,reg:linear,2015,1,regression
49,0.677968,0.005392,0.225,gblinear,0.58,1.45,0.9,200,2,290,reg:linear,2015,1,regression
50,0.677239,0.006577,0.375,gblinear,0.85,4.55,0.3,200,2,370,reg:linear,2015,1,regression
51,0.677779,0.006527,0.445,gblinear,0.74,2.35,1.5,200,2,240,reg:linear,2015,1,regression
52,0.677047,0.004790,0.02,gblinear,0.1,3.25,1.7,200,2,330,reg:linear,2015,1,regression
53,0.678425,0.006651,0.325,gblinear,0.28,4.0,2.4,200,2,480,reg:linear,2015,1,regression
54,0.669472,0.005158,0.085,gblinear,0.39,0.95,1.1,200,2,440,reg:linear,2015,1,regression
55,0.678955,0.006124,0.265,gblinear,0.51,4.4,0.6,200,2,400,reg:linear,2015,1,regression
56,0.675515,0.005299,0.14,gblinear,0.44,2.65,0.1,200,2,50,reg:linear,2015,1,regression
57,0.679174,0.005469,0.0,gblinear,0.64,4.2,0.4,200,2,370,reg:linear,2015,1,regression
58,0.679479,0.006001,0.195,gblinear,0.31,4.9,0.8,200,2,470,reg:linear,2015,1,regression
59,0.679569,0.004908,0.05,gblinear,0.23,3.2,3.0,200,2,500,reg:linear,2015,1,regression
60,0.680660,0.005864,0.12,gblinear,0.68,4.6,1.9,200,2,450,reg:linear,2015,1,regression
61,0.679137,0.004216,0.025,gblinear,0.76,3.8,1.2,200,2,90,reg:linear,2015,1,regression
62,0.666508,0.004103,0.1,gblinear,0.6,0.65,0.7,200,2,350,reg:linear,2015,1,regression
63,0.679050,0.005519,0.155,gblinear,0.14,3.65,0.0,200,2,150,reg:linear,2015,1,regression
64,0.680203,0.004372,0.07,gblinear,0.54,2.75,1.6,200,2,430,reg:linear,2015,1,regression
65,0.677088,0.006079,0.405,gblinear,0.83,3.45,1.3,200,2,200,reg:linear,2015,1,regression
66,0.681121,0.005506,0.04,gblinear,0.89,4.35,1.6,200,2,480,reg:linear,2015,1,regression
67,0.681643,0.005058,0.09,gblinear,0.97,4.05,1.7,200,2,480,reg:linear,2015,1,regression
68,0.680719,0.004870,0.085,gblinear,0.47,3.05,1.8,200,2,460,reg:linear,2015,1,regression
69,0.679211,0.006229,0.0,gblinear,0.98,4.1,0.9,200,2,410,reg:linear,2015,1,regression
70,0.680905,0.006085,0.135,gblinear,0.7,4.15,1.1,200,2,490,reg:linear,2015,1,regression
71,0.679009,0.005194,0.21,gblinear,0.03,3.9,1.4,200,2,440,reg:linear,2015,1,regression
72,0.680769,0.005602,0.18,gblinear,0.65,3.7,2.1,200,2,380,reg:linear,2015,1,regression
73,0.679881,0.006274,0.155,gblinear,0.95,4.65,1.7,200,2,410,reg:linear,2015,1,regression
74,0.680086,0.004688,0.115,gblinear,0.41,2.95,2.0,200,2,350,reg:linear,2015,1,regression
75,0.681215,0.005477,0.065,gblinear,0.56,4.95,1.5,200,2,490,reg:linear,2015,1,regression
76,0.679599,0.005876,0.25,gblinear,0.35,3.35,1.0,200,2,280,reg:linear,2015,1,regression
77,0.681370,0.005164,0.045,gblinear,0.91,4.8,1.3,200,2,470,reg:linear,2015,1,regression
78,0.678325,0.006399,0.305,gblinear,0.79,4.25,0.6,200,2,430,reg:linear,2015,1,regression
79,0.658514,0.004883,0.095,gblinear,0.76,2.15,2.2,200,2,10,reg:linear,2015,1,regression
80,0.680887,0.005651,0.03,gblinear,0.7,4.0,1.8,200,2,450,reg:linear,2015,1,regression
81,0.680254,0.005526,0.015,gblinear,0.6,4.45,2.6,200,2,400,reg:linear,2015,1,regression
82,0.679315,0.006228,0.22,gblinear,0.53,3.75,0.5,200,2,310,reg:linear,2015,1,regression
83,0.680722,0.005178,0.13,gblinear,0.5,3.5,1.4,200,2,500,reg:linear,2015,1,regression
84,0.678466,0.006658,0.35,gblinear,0.44,3.15,1.1,200,2,330,reg:linear,2015,1,regression
85,0.677239,0.005182,0.08,gblinear,0.58,1.9,0.8,200,2,360,reg:linear,2015,1,regression
86,0.679386,0.005192,0.155,gblinear,0.24,2.45,1.2,200,2,250,reg:linear,2015,1,regression
87,0.681123,0.005482,0.06,gblinear,1.0,3.95,2.5,200,2,420,reg:linear,2015,1,regression
88,0.680604,0.004984,0.115,gblinear,0.82,3.3,1.0,200,2,380,reg:linear,2015,1,regression
89,0.680407,0.005675,0.275,gblinear,0.87,2.6,1.7,200,2,480,reg:linear,2015,1,regression
90,0.675363,0.005284,0.0,gblinear,0.38,2.75,1.9,200,2,460,reg:linear,2015,1,regression
91,0.679610,0.005144,0.19,gblinear,0.66,3.55,0.4,200,2,140,reg:linear,2015,1,regression
92,0.677969,0.005506,0.235,gblinear,0.32,1.4,0.7,200,2,190,reg:linear,2015,1,regression
93,0.680032,0.005344,0.105,gblinear,0.73,2.95,2.3,200,2,270,reg:linear,2015,1,regression
94,0.679182,0.006265,0.205,gblinear,0.84,4.5,0.9,200,2,400,reg:linear,2015,1,regression
95,0.680886,0.004925,0.05,gblinear,0.49,4.85,2.0,200,2,310,reg:linear,2015,1,regression
96,0.674078,0.005138,0.01,gblinear,0.21,2.35,1.3,200,2,220,reg:linear,2015,1,regression
97,0.679277,0.006128,0.18,gblinear,0.62,4.7,1.5,200,2,500,reg:linear,2015,1,regression
98,0.680852,0.005648,0.03,gblinear,0.76,4.3,0.1,200,2,440,reg:linear,2015,1,regression
99,0.680295,0.006072,0.165,gblinear,0.46,4.1,0.8,200,2,470,reg:linear,2015,1,regression
100,0.679131,0.004935,0.075,gblinear,0.14,3.4,0.3,200,2,450,reg:linear,2015,1,regression
101,0.680663,0.004820,0.09,gblinear,0.28,3.8,1.1,200,2,380,reg:linear,2015,1,regression
102,0.645875,0.005073,0.145,gblinear,0.96,0.1,1.2,200,2,340,reg:linear,2015,1,regression
103,0.681432,0.005087,0.055,gblinear,0.9,3.6,2.8,200,2,430,reg:linear,2015,1,regression
104,0.678416,0.006923,0.245,gblinear,0.93,5.0,0.5,200,2,490,reg:linear,2015,1,regression
105,0.675882,0.005635,0.455,gblinear,0.42,4.6,0.6,200,2,360,reg:linear,2015,1,regression
106,0.675863,0.005960,0.48,gblinear,0.57,4.2,1.4,200,2,410,reg:linear,2015,1,regression
107,0.678428,0.004389,0.115,gblinear,0.05,3.0,1.7,200,2,290,reg:linear,2015,1,regression
108,0.678957,0.004667,0.305,gblinear,0.52,2.05,1.6,200,2,90,reg:linear,2015,1,regression
109,0.673346,0.006527,0.38,gblinear,0.4,4.4,2.1,200,2,30,reg:linear,2015,1,regression
110,0.679522,0.004712,0.07,gblinear,0.37,2.75,2.2,200,2,480,reg:linear,2015,1,regression
111,0.680364,0.005224,0.105,gblinear,0.26,3.2,1.8,200,2,460,reg:linear,2015,1,regression
112,0.678376,0.006640,0.255,gblinear,0.8,4.0,2.7,200,2,420,reg:linear,2015,1,regression
113,0.680616,0.005794,0.165,gblinear,0.68,3.7,0.3,200,2,390,reg:linear,2015,1,regression
114,0.680462,0.005456,0.04,gblinear,0.55,3.85,0.9,200,2,170,reg:linear,2015,1,regression
115,0.678778,0.006125,0.43,gblinear,0.71,1.8,1.1,200,2,340,reg:linear,2015,1,regression
116,0.678406,0.005066,0.01,gblinear,0.62,3.1,1.0,200,2,470,reg:linear,2015,1,regression
117,0.680331,0.005278,0.22,gblinear,0.16,2.55,0.7,200,2,450,reg:linear,2015,1,regression
118,0.658326,0.003960,0.025,gblinear,0.09,0.75,1.5,200,2,320,reg:linear,2015,1,regression
119,0.679687,0.005974,0.13,gblinear,0.6,4.7,1.3,200,2,300,reg:linear,2015,1,regression
120,0.672615,0.004883,0.095,gblinear,0.33,1.25,2.0,200,2,250,reg:linear,2015,1,regression
121,0.680466,0.005250,0.14,gblinear,0.98,2.85,2.4,200,2,500,reg:linear,2015,1,regression
122,0.679011,0.006282,0.28,gblinear,0.77,3.3,1.2,200,2,440,reg:linear,2015,1,regression
123,0.678425,0.005242,0.08,gblinear,0.45,2.3,0.1,200,2,230,reg:linear,2015,1,regression
124,0.680726,0.005463,0.145,gblinear,0.64,3.45,1.4,200,2,370,reg:linear,2015,1,regression
125,0.681125,0.004781,0.06,gblinear,0.48,4.55,1.7,200,2,430,reg:linear,2015,1,regression
126,0.679799,0.005984,0.19,gblinear,0.85,4.15,0.8,200,2,400,reg:linear,2015,1,regression
127,0.680099,0.006140,0.125,gblinear,0.74,4.8,0.4,200,2,380,reg:linear,2015,1,regression
128,0.679861,0.005323,0.0,gblinear,0.88,4.35,1.9,200,2,490,reg:linear,2015,1,regression
129,0.679310,0.006405,0.205,gblinear,0.51,4.9,1.6,200,2,330,reg:linear,2015,1,regression
130,0.680338,0.005394,0.045,gblinear,0.92,3.55,0.5,200,2,420,reg:linear,2015,1,regression
131,0.679820,0.005990,0.18,gblinear,0.82,4.05,1.0,200,2,130,reg:linear,2015,1,regression
132,0.670599,0.004915,0.02,gblinear,0.36,1.6,3.0,200,2,360,reg:linear,2015,1,regression
133,0.679588,0.005231,0.295,gblinear,0.66,2.45,1.8,200,2,460,reg:linear,2015,1,regression
134,0.680908,0.005443,0.105,gblinear,0.7,4.25,0.9,200,2,480,reg:linear,2015,1,regression
135,0.678324,0.006521,0.335,gblinear,0.3,3.85,2.3,200,2,390,reg:linear,2015,1,regression
136,0.676606,0.004519,0.035,gblinear,0.72,2.15,1.6,200,2,450,reg:linear,2015,1,regression
137,0.681445,0.005054,0.08,gblinear,0.53,3.95,0.7,200,2,490,reg:linear,2015,1,regression
138,0.680218,0.004892,0.155,gblinear,0.6,2.75,2.9,200,2,270,reg:linear,2015,1,regression
139,0.680713,0.005221,0.065,gblinear,0.68,3.65,1.3,200,2,350,reg:linear,2015,1,regression
140,0.663015,0.004682,0.17,gblinear,0.42,0.3,1.9,200,2,410,reg:linear,2015,1,regression
141,0.680343,0.005255,0.09,gblinear,0.79,3.35,0.6,200,2,160,reg:linear,2015,1,regression
142,0.679710,0.005477,0.115,gblinear,0.21,5.0,2.2,200,2,80,reg:linear,2015,1,regression
143,0.679862,0.005518,0.2,gblinear,0.55,3.15,1.4,200,2,440,reg:linear,2015,1,regression
144,0.679213,0.006326,0.215,gblinear,0.96,4.4,1.1,200,2,430,reg:linear,2015,1,regression
145,0.678871,0.005341,0.005,gblinear,0.39,3.75,1.5,200,2,480,reg:linear,2015,1,regression
146,0.681105,0.004722,0.08,gblinear,0.53,3.95,0.7,200,2,490,reg:linear,2015,1,regression
147,0.681138,0.004934,0.05,gblinear,0.58,4.1,1.2,200,2,470,reg:linear,2015,1,regression
148,0.681131,0.005573,0.07,gblinear,0.64,4.65,0.2,200,2,470,reg:linear,2015,1,regression
149,0.680383,0.005063,0.035,gblinear,0.46,3.9,0.7,200,2,500,reg:linear,2015,1,regression
150,0.681164,0.004976,0.1,gblinear,0.48,3.5,0.4,200,2,460,reg:linear,2015,1,regression
151,0.680763,0.006366,0.13,gblinear,0.43,4.25,0.8,200,2,490,reg:linear,2015,1,regression
152,0.679821,0.005242,0.02,gblinear,0.62,3.7,0.3,200,2,400,reg:linear,2015,1,regression
153,0.680927,0.005694,0.085,gblinear,0.51,4.5,0.9,200,2,440,reg:linear,2015,1,regression
154,0.681014,0.005054,0.155,gblinear,0.35,2.85,0.6,200,2,500,reg:linear,2015,1,regression
155,0.680960,0.004911,0.115,gblinear,0.57,3.6,1.1,200,2,420,reg:linear,2015,1,regression
156,0.680328,0.004813,0.055,gblinear,0.41,3.25,1.2,200,2,460,reg:linear,2015,1,regression
157,0.680329,0.004669,0.14,gblinear,0.75,3.05,1.0,200,2,370,reg:linear,2015,1,regression
158,0.680706,0.006086,0.095,gblinear,0.53,4.75,0.5,200,2,450,reg:linear,2015,1,regression
159,0.679193,0.005128,0.03,gblinear,0.27,3.4,0.8,200,2,410,reg:linear,2015,1,regression
160,0.676795,0.004453,0.075,gblinear,0.69,4.45,1.4,200,2,50,reg:linear,2015,1,regression
161,0.679720,0.005094,0.01,gblinear,0.49,4.1,0.9,200,2,390,reg:linear,2015,1,regression
162,0.681187,0.005278,0.125,gblinear,0.55,3.8,1.0,200,2,480,reg:linear,2015,1,regression
163,0.677334,0.006011,0.36,gblinear,0.45,4.6,0.0,200,2,110,reg:linear,2015,1,regression
164,0.681224,0.005208,0.065,gblinear,0.66,4.0,0.7,200,2,430,reg:linear,2015,1,regression
165,0.680602,0.005415,0.11,gblinear,0.31,4.35,1.3,200,2,490,reg:linear,2015,1,regression
166,0.678499,0.006639,0.265,gblinear,0.6,4.9,1.5,200,2,470,reg:linear,2015,1,regression
167,0.678927,0.006601,0.23,gblinear,1.0,4.25,0.2,200,2,450,reg:linear,2015,1,regression
168,0.680971,0.005522,0.045,gblinear,0.86,3.9,0.6,200,2,420,reg:linear,2015,1,regression
169,0.679894,0.005699,0.185,gblinear,0.17,4.15,2.1,200,2,380,reg:linear,2015,1,regression
170,0.675535,0.006042,0.5,gblinear,0.63,3.55,0.1,200,2,190,reg:linear,2015,1,regression
171,0.680776,0.004972,0.16,gblinear,0.5,3.2,1.2,200,2,400,reg:linear,2015,1,regression
172,0.679539,0.004725,0.09,gblinear,0.72,2.7,0.5,200,2,480,reg:linear,2015,1,regression
173,0.679670,0.005566,0.02,gblinear,0.77,3.75,1.6,200,2,340,reg:linear,2015,1,regression
174,0.680889,0.005537,0.135,gblinear,0.24,3.45,1.3,200,2,500,reg:linear,2015,1,regression
175,0.679862,0.004479,0.055,gblinear,0.38,3.0,1.1,200,2,440,reg:linear,2015,1,regression
176,0.680154,0.005538,0.0,gblinear,0.58,5.0,1.7,200,2,310,reg:linear,2015,1,regression
177,0.680346,0.006370,0.145,gblinear,0.81,4.5,1.3,200,2,460,reg:linear,2015,1,regression
178,0.680830,0.005104,0.04,gblinear,0.33,4.8,1.0,200,2,360,reg:linear,2015,1,regression
179,0.680207,0.005907,0.17,gblinear,0.43,4.0,0.8,200,2,500,reg:linear,2015,1,regression
180,0.679121,0.005268,0.24,gblinear,0.47,3.3,0.4,200,2,240,reg:linear,2015,1,regression
181,0.681048,0.005473,0.075,gblinear,0.56,4.7,1.8,200,2,410,reg:linear,2015,1,regression
182,0.679800,0.005488,0.12,gblinear,0.08,4.35,0.9,200,2,440,reg:linear,2015,1,regression
183,0.680154,0.005018,0.1,gblinear,0.61,2.9,2.0,200,2,470,reg:linear,2015,1,regression
184,0.679536,0.005740,0.03,gblinear,0.89,3.65,1.4,200,2,290,reg:linear,2015,1,regression
185,0.668286,0.004443,0.065,gblinear,0.65,1.0,0.6,200,2,420,reg:linear,2015,1,regression
186,0.658049,0.004187,0.015,gblinear,0.19,2.55,1.1,200,2,10,reg:linear,2015,1,regression
187,0.679054,0.004909,0.085,gblinear,0.4,2.4,0.3,200,2,490,reg:linear,2015,1,regression
188,0.680040,0.005272,0.145,gblinear,0.12,3.1,0.8,200,2,430,reg:linear,2015,1,regression
189,0.680850,0.004982,0.05,gblinear,0.53,4.05,2.4,200,2,320,reg:linear,2015,1,regression
190,0.677025,0.006121,0.395,gblinear,0.36,4.2,2.5,200,2,460,reg:linear,2015,1,regression
191,0.676932,0.006246,0.485,gblinear,0.84,2.2,1.5,200,2,390,reg:linear,2015,1,regression
192,0.679941,0.006249,0.175,gblinear,0.67,4.6,1.6,200,2,480,reg:linear,2015,1,regression
193,0.679621,0.005753,0.2,gblinear,0.7,3.95,1.2,200,2,210,reg:linear,2015,1,regression
194,0.680735,0.004906,0.105,gblinear,0.73,3.85,0.7,200,2,350,reg:linear,2015,1,regression
195,0.677127,0.006283,0.42,gblinear,0.94,3.4,1.7,200,2,400,reg:linear,2015,1,regression
196,0.680694,0.005921,0.125,gblinear,0.79,4.45,1.0,200,2,450,reg:linear,2015,1,regression
197,0.681197,0.004998,0.06,gblinear,0.45,3.75,0.9,200,2,370,reg:linear,2015,1,regression
198,0.677311,0.003655,0.04,gblinear,0.01,4.3,1.4,200,2,490,reg:linear,2015,1,regression
199,0.678631,0.005616,0.0,gblinear,0.51,3.55,2.0,200,2,470,reg:linear,2015,1,regression
200,0.673436,0.004735,0.025,gblinear,0.59,1.85,1.9,200,2,270,reg:linear,2015,1,regression
